#
# There is insufficient memory for the Java Runtime Environment to continue.
# Native memory allocation (malloc) failed to allocate 963056 bytes for Chunk::new
# Possible reasons:
#   The system is out of physical RAM or swap space
#   The process is running with CompressedOops enabled, and the Java Heap may be blocking the growth of the native heap
# Possible solutions:
#   Reduce memory load on the system
#   Increase physical memory or swap space
#   Check if swap backing store is full
#   Decrease Java heap size (-Xmx/-Xms)
#   Decrease number of Java threads
#   Decrease Java thread stack sizes (-Xss)
#   Set larger code cache with -XX:ReservedCodeCacheSize=
#   JVM is running with Unscaled Compressed Oops mode in which the Java heap is
#     placed in the first 4GB address space. The Java Heap base address is the
#     maximum limit for the native heap growth. Please use -XX:HeapBaseMinAddress
#     to set the Java Heap base and to place the Java Heap above 4GB virtual address.
# This output file may be truncated or incomplete.
#
#  Out of Memory Error (./src/hotspot/share/memory/arena.cpp:197), pid=9136, tid=25596
#
# JRE version: OpenJDK Runtime Environment (11.0.11+9) (build 11.0.11+9-b60-7590822)
# Java VM: OpenJDK 64-Bit Server VM (11.0.11+9-b60-7590822, mixed mode, tiered, compressed oops, g1 gc, windows-amd64)
# No core dump will be written. Minidumps are not enabled by default on client versions of Windows
#

---------------  S U M M A R Y ------------

Command Line: --add-opens=java.base/java.util=ALL-UNNAMED --add-opens=java.base/java.lang=ALL-UNNAMED --add-opens=java.base/java.lang.invoke=ALL-UNNAMED --add-opens=java.base/java.util=ALL-UNNAMED --add-opens=java.prefs/java.util.prefs=ALL-UNNAMED --add-opens=java.prefs/java.util.prefs=ALL-UNNAMED --add-opens=java.base/java.nio.charset=ALL-UNNAMED --add-opens=java.base/java.net=ALL-UNNAMED --add-opens=java.base/java.util.concurrent.atomic=ALL-UNNAMED -Xmx2048m -Dfile.encoding=UTF-8 -Duser.country=CA -Duser.language=en -Duser.variant org.gradle.launcher.daemon.bootstrap.GradleDaemon 7.2

Host: AMD Ryzen 3 3200U with Radeon Vega Mobile Gfx  , 4 cores, 5G,  Windows 10 , 64 bit Build 22000 (10.0.22000.434)
Time: Sun Mar  6 18:49:10 2022 Atlantic Standard Time elapsed time: 2593.935866 seconds (0d 0h 43m 13s)

---------------  T H R E A D  ---------------

Current thread (0x000002a6a121b800):  JavaThread "C2 CompilerThread0" daemon [_thread_in_native, id=25596, stack(0x000000fdf8700000,0x000000fdf8800000)]


Current CompileTask:
C2:2593935 24940   !   4       com.google.common.cache.LocalCache$Segment::lockedGetOrLoad (447 bytes)

Stack: [0x000000fdf8700000,0x000000fdf8800000]
Native frames: (J=compiled Java code, j=interpreted, Vv=VM code, C=native code)
V  [jvm.dll+0x5f214a]
V  [jvm.dll+0x726fb5]
V  [jvm.dll+0x7285cd]
V  [jvm.dll+0x728c83]
V  [jvm.dll+0x243278]
V  [jvm.dll+0xbc53c]
V  [jvm.dll+0xbca3c]
V  [jvm.dll+0x353e3b]
V  [jvm.dll+0x321893]
V  [jvm.dll+0x320d8a]
V  [jvm.dll+0x1fc1e2]
V  [jvm.dll+0x1fb3d4]
V  [jvm.dll+0x183d6c]
V  [jvm.dll+0x209a57]
V  [jvm.dll+0x2082a1]
V  [jvm.dll+0x6ef58f]
V  [jvm.dll+0x6e80b5]
V  [jvm.dll+0x5f1036]
C  [ucrtbase.dll+0x26c0c]
C  [KERNEL32.DLL+0x154e0]
C  [ntdll.dll+0x485b]


---------------  P R O C E S S  ---------------

Threads class SMR info:
_java_thread_list=0x000002a6aa9813d0, length=91, elements={
0x000002a68762f000, 0x000002a6a11fa000, 0x000002a6a11fd800, 0x000002a6a1ba2800,
0x000002a6a1215000, 0x000002a6a1215800, 0x000002a6a121b800, 0x000002a6a1bc4000,
0x000002a6a1bc8800, 0x000002a6a1cc5800, 0x000002a6a3415800, 0x000002a6a292c800,
0x000002a6a2c63800, 0x000002a6a4c11800, 0x000002a6a4c10000, 0x000002a6a4c14000,
0x000002a6a4c15000, 0x000002a6a4c10800, 0x000002a6a6cb7000, 0x000002a6a6cb4800,
0x000002a6a6cb9000, 0x000002a6a6cbc000, 0x000002a6a6cc0000, 0x000002a6a2c4d000,
0x000002a6a2c4a000, 0x000002a6a2c48800, 0x000002a6aa290000, 0x000002a6aa07e800,
0x000002a6aa082800, 0x000002a6aa07c800, 0x000002a6aa080000, 0x000002a6aa084000,
0x000002a6a4c13000, 0x000002a6aa081000, 0x000002a6a2c40000, 0x000002a6ac88b000,
0x000002a6aa08a000, 0x000002a6ac88f000, 0x000002a6ac88c800, 0x000002a6ac88b800,
0x000002a6ac88d800, 0x000002a6ac88a000, 0x000002a6ac889800, 0x000002a6ac890000,
0x000002a6ac894000, 0x000002a6ac892000, 0x000002a6ac893000, 0x000002a6ac88e000,
0x000002a6ac894800, 0x000002a6ac895800, 0x000002a6ac896800, 0x000002a6ac890800,
0x000002a6ac897000, 0x000002a6ac891800, 0x000002a6ac898000, 0x000002a6aa291800,
0x000002a6aa28e800, 0x000002a6aa291000, 0x000002a6aa292800, 0x000002a6aa28f000,
0x000002a6aa28d800, 0x000002a6aa28c800, 0x000002a6aa299000, 0x000002a6aa295000,
0x000002a6aa293000, 0x000002a6aa294000, 0x000002a6aa296800, 0x000002a6aa29a800,
0x000002a6aa29b800, 0x000002a6aa298000, 0x000002a6aa295800, 0x000002a6aa297800,
0x000002a6a2c41800, 0x000002a6a2c41000, 0x000002a6a2c3f800, 0x000002a6a2c42800,
0x000002a6a2c46000, 0x000002a6a2c43800, 0x000002a6a2c46800, 0x000002a6a2c47800,
0x000002a6a2c44000, 0x000002a6a2c45000, 0x000002a6a2c49000, 0x000002a6a2c4b800,
0x000002a6a2c4c800, 0x000002a6a2c4e000, 0x000002a6aa083800, 0x000002a6aa07d800,
0x000002a6aa085000, 0x000002a6aa07f000, 0x000002a6aa08b800
}

Java Threads: ( => current thread )
  0x000002a68762f000 JavaThread "main" [_thread_blocked, id=22988, stack(0x000000fdf7b00000,0x000000fdf7c00000)]
  0x000002a6a11fa000 JavaThread "Reference Handler" daemon [_thread_blocked, id=27744, stack(0x000000fdf8200000,0x000000fdf8300000)]
  0x000002a6a11fd800 JavaThread "Finalizer" daemon [_thread_blocked, id=26608, stack(0x000000fdf8300000,0x000000fdf8400000)]
  0x000002a6a1ba2800 JavaThread "Signal Dispatcher" daemon [_thread_blocked, id=19644, stack(0x000000fdf8400000,0x000000fdf8500000)]
  0x000002a6a1215000 JavaThread "Attach Listener" daemon [_thread_blocked, id=26212, stack(0x000000fdf8500000,0x000000fdf8600000)]
  0x000002a6a1215800 JavaThread "Service Thread" daemon [_thread_blocked, id=10796, stack(0x000000fdf8600000,0x000000fdf8700000)]
=>0x000002a6a121b800 JavaThread "C2 CompilerThread0" daemon [_thread_in_native, id=25596, stack(0x000000fdf8700000,0x000000fdf8800000)]
  0x000002a6a1bc4000 JavaThread "C1 CompilerThread0" daemon [_thread_blocked, id=14976, stack(0x000000fdf8800000,0x000000fdf8900000)]
  0x000002a6a1bc8800 JavaThread "Sweeper thread" daemon [_thread_blocked, id=28028, stack(0x000000fdf8900000,0x000000fdf8a00000)]
  0x000002a6a1cc5800 JavaThread "Common-Cleaner" daemon [_thread_blocked, id=2524, stack(0x000000fdf8a00000,0x000000fdf8b00000)]
  0x000002a6a3415800 JavaThread "Daemon health stats" [_thread_blocked, id=23340, stack(0x000000fdf8e00000,0x000000fdf8f00000)]
  0x000002a6a292c800 JavaThread "Incoming local TCP Connector on port 53876" [_thread_in_native, id=27072, stack(0x000000fdf8d00000,0x000000fdf8e00000)]
  0x000002a6a2c63800 JavaThread "Daemon periodic checks" [_thread_blocked, id=15836, stack(0x000000fdf8f00000,0x000000fdf9000000)]
  0x000002a6a4c11800 JavaThread "Cache worker for journal cache (C:\Users\Jaytu\.gradle\caches\journal-1)" [_thread_blocked, id=22372, stack(0x000000fdf9900000,0x000000fdf9a00000)]
  0x000002a6a4c10000 JavaThread "File lock request listener" [_thread_in_native, id=19280, stack(0x000000fdf9a00000,0x000000fdf9b00000)]
  0x000002a6a4c14000 JavaThread "Cache worker for file hash cache (C:\Users\Jaytu\.gradle\caches\7.2\fileHashes)" [_thread_blocked, id=7892, stack(0x000000fdf9b00000,0x000000fdf9c00000)]
  0x000002a6a4c15000 JavaThread "File watcher server" daemon [_thread_in_native, id=22772, stack(0x000000fdf9c00000,0x000000fdf9d00000)]
  0x000002a6a4c10800 JavaThread "File watcher consumer" daemon [_thread_blocked, id=7656, stack(0x000000fdf9e00000,0x000000fdf9f00000)]
  0x000002a6a6cb7000 JavaThread "Cache worker for execution history cache (C:\Users\Jaytu\.gradle\caches\7.2\executionHistory)" [_thread_blocked, id=14372, stack(0x000000fdfa200000,0x000000fdfa300000)]
  0x000002a6a6cb4800 JavaThread "jar transforms" [_thread_blocked, id=21192, stack(0x000000fdfa300000,0x000000fdfa400000)]
  0x000002a6a6cb9000 JavaThread "Cache worker for file content cache (C:\Users\Jaytu\.gradle\caches\7.2\fileContent)" [_thread_blocked, id=26532, stack(0x000000fdfa400000,0x000000fdfa500000)]
  0x000002a6a6cbc000 JavaThread "jar transforms Thread 2" [_thread_blocked, id=15624, stack(0x000000fdfa500000,0x000000fdfa600000)]
  0x000002a6a6cc0000 JavaThread "jar transforms Thread 3" [_thread_blocked, id=25636, stack(0x000000fdfa700000,0x000000fdfa800000)]
  0x000002a6a2c4d000 JavaThread "jar transforms Thread 4" [_thread_blocked, id=17576, stack(0x000000fdfd000000,0x000000fdfd100000)]
  0x000002a6a2c4a000 JavaThread "Memory manager" [_thread_blocked, id=19332, stack(0x000000fdfd300000,0x000000fdfd400000)]
  0x000002a6a2c48800 JavaThread "pool-3-thread-1" [_thread_blocked, id=24204, stack(0x000000fdfd500000,0x000000fdfd600000)]
  0x000002a6aa290000 JavaThread "pool-6-thread-1" [_thread_blocked, id=27320, stack(0x000000fdfd100000,0x000000fdfd200000)]
  0x000002a6aa07e800 JavaThread "RMI Scheduler(0)" daemon [_thread_blocked, id=17172, stack(0x000000fdfe000000,0x000000fdfe100000)]
  0x000002a6aa082800 JavaThread "RMI GC Daemon" daemon [_thread_blocked, id=3856, stack(0x000000fdfe200000,0x000000fdfe300000)]
  0x000002a6aa07c800 JavaThread "RMI TCP Accept-0" daemon [_thread_in_native, id=15380, stack(0x000000fdfdf00000,0x000000fdfe000000)]
  0x000002a6aa080000 JavaThread "RMI Reaper" [_thread_blocked, id=17864, stack(0x000000fdfe300000,0x000000fdfe400000)]
  0x000002a6aa084000 JavaThread "Cache worker for Java compile cache (C:\Users\Jaytu\.gradle\caches\7.2\javaCompile)" [_thread_blocked, id=24848, stack(0x000000fdfe100000,0x000000fdfe200000)]
  0x000002a6a4c13000 JavaThread "pool-11-thread-1" [_thread_blocked, id=24572, stack(0x000000fdfce00000,0x000000fdfcf00000)]
  0x000002a6aa081000 JavaThread "pool-16-thread-1" [_thread_blocked, id=11500, stack(0x000000fdfd400000,0x000000fdfd500000)]
  0x000002a6a2c40000 JavaThread "pool-19-thread-1" [_thread_blocked, id=20084, stack(0x000000fdfd600000,0x000000fdfd700000)]
  0x000002a6ac88b000 JavaThread "ForkJoinPool.commonPool-worker-7" daemon [_thread_blocked, id=25564, stack(0x000000fdff000000,0x000000fdff100000)]
  0x000002a6aa08a000 JavaThread "pool-24-thread-1" [_thread_blocked, id=23204, stack(0x000000fdfd200000,0x000000fdfd300000)]
  0x000002a6ac88f000 JavaThread "Daemon Thread 6" [_thread_blocked, id=26384, stack(0x000000fdf7800000,0x000000fdf7900000)]
  0x000002a6ac88c800 JavaThread "Handler for socket connection from /127.0.0.1:53876 to /127.0.0.1:55104" [_thread_in_native, id=3860, stack(0x000000fdf7900000,0x000000fdf7a00000)]
  0x000002a6ac88b800 JavaThread "Cancel handler" [_thread_blocked, id=19664, stack(0x000000fdf7a00000,0x000000fdf7b00000)]
  0x000002a6ac88d800 JavaThread "Daemon worker Thread 6" [_thread_blocked, id=14500, stack(0x000000fdf9000000,0x000000fdf9100000)]
  0x000002a6ac88a000 JavaThread "Asynchronous log dispatcher for DefaultDaemonConnection: socket connection from /127.0.0.1:53876 to /127.0.0.1:55104" [_thread_blocked, id=10340, stack(0x000000fdf9100000,0x000000fdf9200000)]
  0x000002a6ac889800 JavaThread "Stdin handler" [_thread_blocked, id=24244, stack(0x000000fdf9200000,0x000000fdf9300000)]
  0x000002a6ac890000 JavaThread "Daemon client event forwarder" [_thread_blocked, id=25944, stack(0x000000fdf9300000,0x000000fdf9400000)]
  0x000002a6ac894000 JavaThread "Cache worker for file hash cache (C:\Users\Jaytu\Desktop\School files\3rd year\Sem 2\CSCI364\Assignment2\.gradle\7.2\fileHashes)" [_thread_blocked, id=28000, stack(0x000000fdf9400000,0x000000fdf9500000)]
  0x000002a6ac892000 JavaThread "Cache worker for checksums cache (C:\Users\Jaytu\Desktop\School files\3rd year\Sem 2\CSCI364\Assignment2\.gradle\checksums)" [_thread_blocked, id=26964, stack(0x000000fdf9500000,0x000000fdf9600000)]
  0x000002a6ac893000 JavaThread "Cache worker for cache directory md-supplier (C:\Users\Jaytu\.gradle\caches\7.2\md-supplier)" [_thread_blocked, id=28644, stack(0x000000fdf9600000,0x000000fdf9700000)]
  0x000002a6ac88e000 JavaThread "Cache worker for cache directory md-rule (C:\Users\Jaytu\.gradle\caches\7.2\md-rule)" [_thread_blocked, id=25248, stack(0x000000fdf9d00000,0x000000fdf9e00000)]
  0x000002a6ac894800 JavaThread "Cache worker for dependencies-accessors (C:\Users\Jaytu\Desktop\School files\3rd year\Sem 2\CSCI364\Assignment2\.gradle\7.2\dependencies-accessors)" [_thread_blocked, id=10740, stack(0x000000fdf9f00000,0x000000fdfa000000)]
  0x000002a6ac895800 JavaThread "Cache worker for Build Output Cleanup Cache (C:\Users\Jaytu\Desktop\School files\3rd year\Sem 2\CSCI364\Assignment2\.gradle\buildOutputCleanup)" [_thread_blocked, id=6312, stack(0x000000fdfa000000,0x000000fdfa100000)]
  0x000002a6ac896800 JavaThread "Unconstrained build operations" [_thread_blocked, id=27312, stack(0x000000fdfa100000,0x000000fdfa200000)]
  0x000002a6ac890800 JavaThread "Unconstrained build operations Thread 2" [_thread_blocked, id=26456, stack(0x000000fdfa600000,0x000000fdfa700000)]
  0x000002a6ac897000 JavaThread "Unconstrained build operations Thread 3" [_thread_blocked, id=22808, stack(0x000000fdfa800000,0x000000fdfa900000)]
  0x000002a6ac891800 JavaThread "Unconstrained build operations Thread 4" [_thread_blocked, id=17620, stack(0x000000fdfa900000,0x000000fdfaa00000)]
  0x000002a6ac898000 JavaThread "Unconstrained build operations Thread 5" [_thread_blocked, id=20180, stack(0x000000fdfaa00000,0x000000fdfab00000)]
  0x000002a6aa291800 JavaThread "Unconstrained build operations Thread 6" [_thread_blocked, id=5432, stack(0x000000fdfab00000,0x000000fdfac00000)]
  0x000002a6aa28e800 JavaThread "Unconstrained build operations Thread 7" [_thread_blocked, id=27272, stack(0x000000fdfac00000,0x000000fdfad00000)]
  0x000002a6aa291000 JavaThread "Unconstrained build operations Thread 8" [_thread_blocked, id=21664, stack(0x000000fdfad00000,0x000000fdfae00000)]
  0x000002a6aa292800 JavaThread "Unconstrained build operations Thread 9" [_thread_blocked, id=8088, stack(0x000000fdfae00000,0x000000fdfaf00000)]
  0x000002a6aa28f000 JavaThread "Unconstrained build operations Thread 10" [_thread_blocked, id=17076, stack(0x000000fdfaf00000,0x000000fdfb000000)]
  0x000002a6aa28d800 JavaThread "Unconstrained build operations Thread 11" [_thread_blocked, id=16436, stack(0x000000fdfb000000,0x000000fdfb100000)]
  0x000002a6aa28c800 JavaThread "Unconstrained build operations Thread 12" [_thread_blocked, id=7856, stack(0x000000fdfb100000,0x000000fdfb200000)]
  0x000002a6aa299000 JavaThread "Unconstrained build operations Thread 13" [_thread_blocked, id=18732, stack(0x000000fdfb200000,0x000000fdfb300000)]
  0x000002a6aa295000 JavaThread "Unconstrained build operations Thread 14" [_thread_blocked, id=11140, stack(0x000000fdfb300000,0x000000fdfb400000)]
  0x000002a6aa293000 JavaThread "Unconstrained build operations Thread 15" [_thread_blocked, id=27520, stack(0x000000fdfb400000,0x000000fdfb500000)]
  0x000002a6aa294000 JavaThread "Unconstrained build operations Thread 16" [_thread_in_native, id=12016, stack(0x000000fdfb500000,0x000000fdfb600000)]
  0x000002a6aa296800 JavaThread "Unconstrained build operations Thread 17" [_thread_blocked, id=20536, stack(0x000000fdfb600000,0x000000fdfb700000)]
  0x000002a6aa29a800 JavaThread "Unconstrained build operations Thread 18" [_thread_blocked, id=19380, stack(0x000000fdfb700000,0x000000fdfb800000)]
  0x000002a6aa29b800 JavaThread "Unconstrained build operations Thread 19" [_thread_blocked, id=14328, stack(0x000000fdfb800000,0x000000fdfb900000)]
  0x000002a6aa298000 JavaThread "Unconstrained build operations Thread 20" [_thread_blocked, id=3684, stack(0x000000fdfb900000,0x000000fdfba00000)]
  0x000002a6aa295800 JavaThread "Unconstrained build operations Thread 21" [_thread_blocked, id=13456, stack(0x000000fdfba00000,0x000000fdfbb00000)]
  0x000002a6aa297800 JavaThread "Unconstrained build operations Thread 22" [_thread_blocked, id=6128, stack(0x000000fdfbb00000,0x000000fdfbc00000)]
  0x000002a6a2c41800 JavaThread "Unconstrained build operations Thread 23" [_thread_blocked, id=28048, stack(0x000000fdfbc00000,0x000000fdfbd00000)]
  0x000002a6a2c41000 JavaThread "Unconstrained build operations Thread 24" [_thread_blocked, id=2348, stack(0x000000fdfbd00000,0x000000fdfbe00000)]
  0x000002a6a2c3f800 JavaThread "Unconstrained build operations Thread 25" [_thread_blocked, id=13104, stack(0x000000fdfbe00000,0x000000fdfbf00000)]
  0x000002a6a2c42800 JavaThread "Unconstrained build operations Thread 26" [_thread_blocked, id=21040, stack(0x000000fdfbf00000,0x000000fdfc000000)]
  0x000002a6a2c46000 JavaThread "Unconstrained build operations Thread 27" [_thread_blocked, id=23768, stack(0x000000fdfc000000,0x000000fdfc100000)]
  0x000002a6a2c43800 JavaThread "Unconstrained build operations Thread 28" [_thread_in_native, id=28568, stack(0x000000fdfc100000,0x000000fdfc200000)]
  0x000002a6a2c46800 JavaThread "Unconstrained build operations Thread 29" [_thread_blocked, id=25620, stack(0x000000fdfc200000,0x000000fdfc300000)]
  0x000002a6a2c47800 JavaThread "Unconstrained build operations Thread 30" [_thread_blocked, id=16724, stack(0x000000fdfc300000,0x000000fdfc400000)]
  0x000002a6a2c44000 JavaThread "Unconstrained build operations Thread 31" [_thread_blocked, id=27996, stack(0x000000fdfc400000,0x000000fdfc500000)]
  0x000002a6a2c45000 JavaThread "Unconstrained build operations Thread 32" [_thread_in_native, id=27484, stack(0x000000fdfc500000,0x000000fdfc600000)]
  0x000002a6a2c49000 JavaThread "Unconstrained build operations Thread 33" [_thread_in_native, id=4108, stack(0x000000fdfc600000,0x000000fdfc700000)]
  0x000002a6a2c4b800 JavaThread "Unconstrained build operations Thread 34" [_thread_blocked, id=24364, stack(0x000000fdfc700000,0x000000fdfc800000)]
  0x000002a6a2c4c800 JavaThread "Unconstrained build operations Thread 35" [_thread_blocked, id=15252, stack(0x000000fdfc800000,0x000000fdfc900000)]
  0x000002a6a2c4e000 JavaThread "Unconstrained build operations Thread 36" [_thread_blocked, id=13336, stack(0x000000fdfc900000,0x000000fdfca00000)]
  0x000002a6aa083800 JavaThread "Unconstrained build operations Thread 37" [_thread_blocked, id=21068, stack(0x000000fdfca00000,0x000000fdfcb00000)]
  0x000002a6aa07d800 JavaThread "Unconstrained build operations Thread 38" [_thread_blocked, id=10208, stack(0x000000fdfcb00000,0x000000fdfcc00000)]
  0x000002a6aa085000 JavaThread "Unconstrained build operations Thread 39" [_thread_blocked, id=24868, stack(0x000000fdfcc00000,0x000000fdfcd00000)]
  0x000002a6aa07f000 JavaThread "Unconstrained build operations Thread 40" [_thread_blocked, id=25004, stack(0x000000fdfcd00000,0x000000fdfce00000)]
  0x000002a6aa08b800 JavaThread "pool-29-thread-1" [_thread_blocked, id=14392, stack(0x000000fdfcf00000,0x000000fdfd000000)]

Other Threads:
  0x000002a6a11f6000 VMThread "VM Thread" [stack: 0x000000fdf8100000,0x000000fdf8200000] [id=26796]
  0x000002a6a1d01000 WatcherThread [stack: 0x000000fdf8b00000,0x000000fdf8c00000] [id=24040]
  0x000002a687648000 GCTaskThread "GC Thread#0" [stack: 0x000000fdf7c00000,0x000000fdf7d00000] [id=26960]
  0x000002a6a20a1000 GCTaskThread "GC Thread#1" [stack: 0x000000fdf8c00000,0x000000fdf8d00000] [id=22704]
  0x000002a6a2b27000 GCTaskThread "GC Thread#2" [stack: 0x000000fdf9700000,0x000000fdf9800000] [id=9336]
  0x000002a6a3d50800 GCTaskThread "GC Thread#3" [stack: 0x000000fdf9800000,0x000000fdf9900000] [id=27220]
  0x000002a687678800 ConcurrentGCThread "G1 Main Marker" [stack: 0x000000fdf7d00000,0x000000fdf7e00000] [id=26784]
  0x000002a68767a000 ConcurrentGCThread "G1 Conc#0" [stack: 0x000000fdf7e00000,0x000000fdf7f00000] [id=19848]
  0x000002a6876f0000 ConcurrentGCThread "G1 Refine#0" [stack: 0x000000fdf7f00000,0x000000fdf8000000] [id=19236]
  0x000002a6876f2000 ConcurrentGCThread "G1 Young RemSet Sampling" [stack: 0x000000fdf8000000,0x000000fdf8100000] [id=11612]

Threads with active compile tasks:
C2 CompilerThread02593973 24940   !   4       com.google.common.cache.LocalCache$Segment::lockedGetOrLoad (447 bytes)

VM state:not at safepoint (normal execution)

VM Mutex/Monitor currently owned by a thread: None

Heap address: 0x0000000080000000, size: 2048 MB, Compressed Oops mode: 32-bit
Narrow klass base: 0x0000000000000000, Narrow klass shift: 3
Compressed class space size: 1073741824 Address: 0x0000000100000000

Heap:
 garbage-first heap   total 206848K, used 170838K [0x0000000080000000, 0x0000000100000000)
  region size 1024K, 27 young (27648K), 1 survivors (1024K)
 Metaspace       used 147790K, capacity 151951K, committed 152012K, reserved 1181696K
  class space    used 18414K, capacity 19961K, committed 19968K, reserved 1048576K
Heap Regions: E=young(eden), S=young(survivor), O=old, HS=humongous(starts), HC=humongous(continues), CS=collection set, F=free, A=archive, TAMS=top-at-mark-start (previous, next)
|   0|0x0000000080000000, 0x0000000080100000, 0x0000000080100000|100%| O|  |TAMS 0x0000000080100000, 0x0000000080000000| Untracked 
|   1|0x0000000080100000, 0x0000000080200000, 0x0000000080200000|100%| O|  |TAMS 0x0000000080200000, 0x0000000080100000| Untracked 
|   2|0x0000000080200000, 0x0000000080300000, 0x0000000080300000|100%| O|  |TAMS 0x0000000080300000, 0x0000000080200000| Untracked 
|   3|0x0000000080300000, 0x0000000080400000, 0x0000000080400000|100%|HS|  |TAMS 0x0000000080400000, 0x0000000080300000| Complete 
|   4|0x0000000080400000, 0x0000000080500000, 0x0000000080500000|100%|HC|  |TAMS 0x0000000080500000, 0x0000000080400000| Complete 
|   5|0x0000000080500000, 0x0000000080600000, 0x0000000080600000|100%|HC|  |TAMS 0x0000000080600000, 0x0000000080500000| Complete 
|   6|0x0000000080600000, 0x0000000080700000, 0x0000000080700000|100%| O|  |TAMS 0x0000000080700000, 0x0000000080600000| Untracked 
|   7|0x0000000080700000, 0x0000000080800000, 0x0000000080800000|100%| O|  |TAMS 0x0000000080800000, 0x0000000080700000| Untracked 
|   8|0x0000000080800000, 0x0000000080900000, 0x0000000080900000|100%| O|  |TAMS 0x0000000080900000, 0x0000000080800000| Untracked 
|   9|0x0000000080900000, 0x0000000080a00000, 0x0000000080a00000|100%| O|  |TAMS 0x0000000080a00000, 0x0000000080900000| Untracked 
|  10|0x0000000080a00000, 0x0000000080b00000, 0x0000000080b00000|100%| O|  |TAMS 0x0000000080b00000, 0x0000000080a00000| Untracked 
|  11|0x0000000080b00000, 0x0000000080c00000, 0x0000000080c00000|100%| O|  |TAMS 0x0000000080c00000, 0x0000000080b00000| Untracked 
|  12|0x0000000080c00000, 0x0000000080d00000, 0x0000000080d00000|100%| O|  |TAMS 0x0000000080d00000, 0x0000000080c00000| Untracked 
|  13|0x0000000080d00000, 0x0000000080e00000, 0x0000000080e00000|100%| O|  |TAMS 0x0000000080e00000, 0x0000000080d00000| Untracked 
|  14|0x0000000080e00000, 0x0000000080f00000, 0x0000000080f00000|100%| O|  |TAMS 0x0000000080f00000, 0x0000000080e00000| Untracked 
|  15|0x0000000080f00000, 0x0000000081000000, 0x0000000081000000|100%| O|  |TAMS 0x0000000081000000, 0x0000000080f00000| Untracked 
|  16|0x0000000081000000, 0x0000000081100000, 0x0000000081100000|100%| O|  |TAMS 0x0000000081100000, 0x0000000081000000| Untracked 
|  17|0x0000000081100000, 0x0000000081200000, 0x0000000081200000|100%| O|  |TAMS 0x0000000081200000, 0x0000000081100000| Untracked 
|  18|0x0000000081200000, 0x0000000081300000, 0x0000000081300000|100%| O|  |TAMS 0x0000000081300000, 0x0000000081200000| Untracked 
|  19|0x0000000081300000, 0x0000000081400000, 0x0000000081400000|100%| O|  |TAMS 0x0000000081400000, 0x0000000081300000| Untracked 
|  20|0x0000000081400000, 0x0000000081500000, 0x0000000081500000|100%| O|  |TAMS 0x0000000081500000, 0x0000000081400000| Untracked 
|  21|0x0000000081500000, 0x0000000081600000, 0x0000000081600000|100%| O|  |TAMS 0x0000000081600000, 0x0000000081500000| Untracked 
|  22|0x0000000081600000, 0x0000000081700000, 0x0000000081700000|100%| O|  |TAMS 0x0000000081700000, 0x0000000081600000| Untracked 
|  23|0x0000000081700000, 0x0000000081800000, 0x0000000081800000|100%| O|  |TAMS 0x0000000081800000, 0x0000000081700000| Untracked 
|  24|0x0000000081800000, 0x0000000081900000, 0x0000000081900000|100%| O|  |TAMS 0x0000000081900000, 0x0000000081800000| Untracked 
|  25|0x0000000081900000, 0x0000000081a00000, 0x0000000081a00000|100%| O|  |TAMS 0x0000000081a00000, 0x0000000081900000| Untracked 
|  26|0x0000000081a00000, 0x0000000081b00000, 0x0000000081b00000|100%| O|  |TAMS 0x0000000081b00000, 0x0000000081a00000| Untracked 
|  27|0x0000000081b00000, 0x0000000081c00000, 0x0000000081c00000|100%| O|  |TAMS 0x0000000081c00000, 0x0000000081b00000| Untracked 
|  28|0x0000000081c00000, 0x0000000081d00000, 0x0000000081d00000|100%| O|  |TAMS 0x0000000081d00000, 0x0000000081c00000| Untracked 
|  29|0x0000000081d00000, 0x0000000081e00000, 0x0000000081e00000|100%|HS|  |TAMS 0x0000000081e00000, 0x0000000081d00000| Complete 
|  30|0x0000000081e00000, 0x0000000081f00000, 0x0000000081f00000|100%|HS|  |TAMS 0x0000000081f00000, 0x0000000081e00000| Complete 
|  31|0x0000000081f00000, 0x0000000082000000, 0x0000000082000000|100%|HS|  |TAMS 0x0000000082000000, 0x0000000081f00000| Complete 
|  32|0x0000000082000000, 0x0000000082100000, 0x0000000082100000|100%|HS|  |TAMS 0x0000000082100000, 0x0000000082000000| Complete 
|  33|0x0000000082100000, 0x0000000082200000, 0x0000000082200000|100%|HS|  |TAMS 0x0000000082200000, 0x0000000082100000| Complete 
|  34|0x0000000082200000, 0x0000000082300000, 0x0000000082300000|100%|HC|  |TAMS 0x0000000082300000, 0x0000000082200000| Complete 
|  35|0x0000000082300000, 0x0000000082400000, 0x0000000082400000|100%|HC|  |TAMS 0x0000000082400000, 0x0000000082300000| Complete 
|  36|0x0000000082400000, 0x0000000082500000, 0x0000000082500000|100%|HS|  |TAMS 0x0000000082500000, 0x0000000082400000| Complete 
|  37|0x0000000082500000, 0x0000000082600000, 0x0000000082600000|100%|HC|  |TAMS 0x0000000082600000, 0x0000000082500000| Complete 
|  38|0x0000000082600000, 0x0000000082700000, 0x0000000082700000|100%| O|  |TAMS 0x0000000082700000, 0x0000000082600000| Untracked 
|  39|0x0000000082700000, 0x0000000082800000, 0x0000000082800000|100%| O|  |TAMS 0x0000000082800000, 0x0000000082700000| Untracked 
|  40|0x0000000082800000, 0x0000000082900000, 0x0000000082900000|100%| O|  |TAMS 0x0000000082900000, 0x0000000082800000| Untracked 
|  41|0x0000000082900000, 0x0000000082a00000, 0x0000000082a00000|100%| O|  |TAMS 0x0000000082a00000, 0x0000000082900000| Untracked 
|  42|0x0000000082a00000, 0x0000000082b00000, 0x0000000082b00000|100%| O|  |TAMS 0x0000000082b00000, 0x0000000082a00000| Untracked 
|  43|0x0000000082b00000, 0x0000000082c00000, 0x0000000082c00000|100%| O|  |TAMS 0x0000000082c00000, 0x0000000082b00000| Untracked 
|  44|0x0000000082c00000, 0x0000000082d00000, 0x0000000082d00000|100%| O|  |TAMS 0x0000000082d00000, 0x0000000082c00000| Untracked 
|  45|0x0000000082d00000, 0x0000000082e00000, 0x0000000082e00000|100%| O|  |TAMS 0x0000000082e00000, 0x0000000082d00000| Untracked 
|  46|0x0000000082e00000, 0x0000000082f00000, 0x0000000082f00000|100%| O|  |TAMS 0x0000000082f00000, 0x0000000082e00000| Untracked 
|  47|0x0000000082f00000, 0x0000000083000000, 0x0000000083000000|100%| O|  |TAMS 0x0000000083000000, 0x0000000082f00000| Untracked 
|  48|0x0000000083000000, 0x0000000083100000, 0x0000000083100000|100%| O|  |TAMS 0x0000000083100000, 0x0000000083000000| Untracked 
|  49|0x0000000083100000, 0x0000000083200000, 0x0000000083200000|100%| O|  |TAMS 0x0000000083200000, 0x0000000083100000| Untracked 
|  50|0x0000000083200000, 0x0000000083300000, 0x0000000083300000|100%| O|  |TAMS 0x0000000083300000, 0x0000000083200000| Untracked 
|  51|0x0000000083300000, 0x0000000083400000, 0x0000000083400000|100%| O|  |TAMS 0x0000000083400000, 0x0000000083300000| Untracked 
|  52|0x0000000083400000, 0x0000000083500000, 0x0000000083500000|100%| O|  |TAMS 0x0000000083500000, 0x0000000083400000| Untracked 
|  53|0x0000000083500000, 0x0000000083600000, 0x0000000083600000|100%| O|  |TAMS 0x0000000083600000, 0x0000000083500000| Untracked 
|  54|0x0000000083600000, 0x0000000083700000, 0x0000000083700000|100%| O|  |TAMS 0x0000000083700000, 0x0000000083600000| Untracked 
|  55|0x0000000083700000, 0x0000000083800000, 0x0000000083800000|100%| O|  |TAMS 0x0000000083800000, 0x0000000083700000| Untracked 
|  56|0x0000000083800000, 0x0000000083900000, 0x0000000083900000|100%| O|  |TAMS 0x0000000083900000, 0x0000000083800000| Untracked 
|  57|0x0000000083900000, 0x0000000083a00000, 0x0000000083a00000|100%| O|  |TAMS 0x0000000083a00000, 0x0000000083900000| Untracked 
|  58|0x0000000083a00000, 0x0000000083b00000, 0x0000000083b00000|100%| O|  |TAMS 0x0000000083b00000, 0x0000000083a00000| Untracked 
|  59|0x0000000083b00000, 0x0000000083b00000, 0x0000000083c00000|  0%| F|  |TAMS 0x0000000083b00000, 0x0000000083b00000| Untracked 
|  60|0x0000000083c00000, 0x0000000083d00000, 0x0000000083d00000|100%| O|  |TAMS 0x0000000083d00000, 0x0000000083c00000| Untracked 
|  61|0x0000000083d00000, 0x0000000083e00000, 0x0000000083e00000|100%| O|  |TAMS 0x0000000083e00000, 0x0000000083d00000| Untracked 
|  62|0x0000000083e00000, 0x0000000083f00000, 0x0000000083f00000|100%| O|  |TAMS 0x0000000083f00000, 0x0000000083e00000| Untracked 
|  63|0x0000000083f00000, 0x0000000084000000, 0x0000000084000000|100%| O|  |TAMS 0x0000000084000000, 0x0000000083f00000| Untracked 
|  64|0x0000000084000000, 0x0000000084100000, 0x0000000084100000|100%| O|  |TAMS 0x0000000084100000, 0x0000000084000000| Untracked 
|  65|0x0000000084100000, 0x0000000084200000, 0x0000000084200000|100%| O|  |TAMS 0x0000000084200000, 0x0000000084100000| Untracked 
|  66|0x0000000084200000, 0x0000000084300000, 0x0000000084300000|100%| O|  |TAMS 0x0000000084300000, 0x0000000084200000| Untracked 
|  67|0x0000000084300000, 0x0000000084400000, 0x0000000084400000|100%| O|  |TAMS 0x0000000084400000, 0x0000000084300000| Untracked 
|  68|0x0000000084400000, 0x0000000084500000, 0x0000000084500000|100%| O|  |TAMS 0x0000000084500000, 0x0000000084400000| Untracked 
|  69|0x0000000084500000, 0x0000000084600000, 0x0000000084600000|100%| O|  |TAMS 0x0000000084600000, 0x0000000084500000| Untracked 
|  70|0x0000000084600000, 0x0000000084700000, 0x0000000084700000|100%| O|  |TAMS 0x0000000084700000, 0x0000000084600000| Untracked 
|  71|0x0000000084700000, 0x0000000084800000, 0x0000000084800000|100%| O|  |TAMS 0x0000000084800000, 0x0000000084700000| Untracked 
|  72|0x0000000084800000, 0x0000000084900000, 0x0000000084900000|100%| O|  |TAMS 0x0000000084900000, 0x0000000084800000| Untracked 
|  73|0x0000000084900000, 0x0000000084a00000, 0x0000000084a00000|100%| O|  |TAMS 0x0000000084a00000, 0x0000000084900000| Untracked 
|  74|0x0000000084a00000, 0x0000000084b00000, 0x0000000084b00000|100%| O|  |TAMS 0x0000000084b00000, 0x0000000084a00000| Untracked 
|  75|0x0000000084b00000, 0x0000000084c00000, 0x0000000084c00000|100%| O|  |TAMS 0x0000000084c00000, 0x0000000084b00000| Untracked 
|  76|0x0000000084c00000, 0x0000000084d00000, 0x0000000084d00000|100%| O|  |TAMS 0x0000000084d00000, 0x0000000084c00000| Untracked 
|  77|0x0000000084d00000, 0x0000000084e00000, 0x0000000084e00000|100%| O|  |TAMS 0x0000000084e00000, 0x0000000084d00000| Untracked 
|  78|0x0000000084e00000, 0x0000000084f00000, 0x0000000084f00000|100%| O|  |TAMS 0x0000000084e00000, 0x0000000084e00000| Untracked 
|  79|0x0000000084f00000, 0x0000000085000000, 0x0000000085000000|100%| O|  |TAMS 0x0000000085000000, 0x0000000084f00000| Untracked 
|  80|0x0000000085000000, 0x0000000085100000, 0x0000000085100000|100%| O|  |TAMS 0x0000000085100000, 0x0000000085000000| Untracked 
|  81|0x0000000085100000, 0x0000000085200000, 0x0000000085200000|100%| O|  |TAMS 0x0000000085200000, 0x0000000085100000| Untracked 
|  82|0x0000000085200000, 0x0000000085300000, 0x0000000085300000|100%| O|  |TAMS 0x0000000085300000, 0x0000000085200000| Untracked 
|  83|0x0000000085300000, 0x0000000085400000, 0x0000000085400000|100%| O|  |TAMS 0x0000000085400000, 0x0000000085300000| Untracked 
|  84|0x0000000085400000, 0x0000000085500000, 0x0000000085500000|100%| O|  |TAMS 0x0000000085500000, 0x0000000085400000| Untracked 
|  85|0x0000000085500000, 0x0000000085600000, 0x0000000085600000|100%| O|  |TAMS 0x0000000085600000, 0x0000000085500000| Untracked 
|  86|0x0000000085600000, 0x0000000085700000, 0x0000000085700000|100%| O|  |TAMS 0x0000000085700000, 0x0000000085600000| Untracked 
|  87|0x0000000085700000, 0x0000000085800000, 0x0000000085800000|100%| O|  |TAMS 0x0000000085800000, 0x0000000085700000| Untracked 
|  88|0x0000000085800000, 0x0000000085900000, 0x0000000085900000|100%| O|  |TAMS 0x0000000085900000, 0x0000000085800000| Untracked 
|  89|0x0000000085900000, 0x0000000085a00000, 0x0000000085a00000|100%| O|  |TAMS 0x0000000085a00000, 0x0000000085900000| Untracked 
|  90|0x0000000085a00000, 0x0000000085b00000, 0x0000000085b00000|100%| O|  |TAMS 0x0000000085b00000, 0x0000000085a00000| Untracked 
|  91|0x0000000085b00000, 0x0000000085c00000, 0x0000000085c00000|100%| O|  |TAMS 0x0000000085c00000, 0x0000000085b00000| Untracked 
|  92|0x0000000085c00000, 0x0000000085d00000, 0x0000000085d00000|100%| O|  |TAMS 0x0000000085d00000, 0x0000000085c00000| Untracked 
|  93|0x0000000085d00000, 0x0000000085e00000, 0x0000000085e00000|100%| O|  |TAMS 0x0000000085e00000, 0x0000000085d00000| Untracked 
|  94|0x0000000085e00000, 0x0000000085f00000, 0x0000000085f00000|100%|HS|  |TAMS 0x0000000085f00000, 0x0000000085e00000| Complete 
|  95|0x0000000085f00000, 0x0000000086000000, 0x0000000086000000|100%|HC|  |TAMS 0x0000000086000000, 0x0000000085f00000| Complete 
|  96|0x0000000086000000, 0x0000000086100000, 0x0000000086100000|100%| O|  |TAMS 0x0000000086100000, 0x0000000086000000| Untracked 
|  97|0x0000000086100000, 0x0000000086200000, 0x0000000086200000|100%| O|  |TAMS 0x0000000086200000, 0x0000000086100000| Untracked 
|  98|0x0000000086200000, 0x0000000086300000, 0x0000000086300000|100%| O|  |TAMS 0x0000000086300000, 0x0000000086200000| Untracked 
|  99|0x0000000086300000, 0x0000000086400000, 0x0000000086400000|100%| O|  |TAMS 0x0000000086400000, 0x0000000086300000| Untracked 
| 100|0x0000000086400000, 0x0000000086500000, 0x0000000086500000|100%| O|  |TAMS 0x0000000086500000, 0x0000000086400000| Untracked 
| 101|0x0000000086500000, 0x0000000086600000, 0x0000000086600000|100%| O|  |TAMS 0x0000000086600000, 0x0000000086500000| Untracked 
| 102|0x0000000086600000, 0x0000000086700000, 0x0000000086700000|100%| O|  |TAMS 0x0000000086700000, 0x0000000086600000| Untracked 
| 103|0x0000000086700000, 0x0000000086800000, 0x0000000086800000|100%| O|  |TAMS 0x0000000086800000, 0x0000000086700000| Untracked 
| 104|0x0000000086800000, 0x0000000086900000, 0x0000000086900000|100%| O|  |TAMS 0x0000000086900000, 0x0000000086800000| Untracked 
| 105|0x0000000086900000, 0x0000000086a00000, 0x0000000086a00000|100%| O|  |TAMS 0x0000000086a00000, 0x0000000086900000| Untracked 
| 106|0x0000000086a00000, 0x0000000086b00000, 0x0000000086b00000|100%| O|  |TAMS 0x0000000086b00000, 0x0000000086a00000| Untracked 
| 107|0x0000000086b00000, 0x0000000086c00000, 0x0000000086c00000|100%| O|  |TAMS 0x0000000086c00000, 0x0000000086b00000| Untracked 
| 108|0x0000000086c00000, 0x0000000086d00000, 0x0000000086d00000|100%| O|  |TAMS 0x0000000086d00000, 0x0000000086c00000| Untracked 
| 109|0x0000000086d00000, 0x0000000086e00000, 0x0000000086e00000|100%|HS|  |TAMS 0x0000000086e00000, 0x0000000086d00000| Complete 
| 110|0x0000000086e00000, 0x0000000086f00000, 0x0000000086f00000|100%|HC|  |TAMS 0x0000000086f00000, 0x0000000086e00000| Complete 
| 111|0x0000000086f00000, 0x0000000087000000, 0x0000000087000000|100%|HC|  |TAMS 0x0000000087000000, 0x0000000086f00000| Complete 
| 112|0x0000000087000000, 0x0000000087100000, 0x0000000087100000|100%| O|  |TAMS 0x0000000087100000, 0x0000000087000000| Untracked 
| 113|0x0000000087100000, 0x0000000087200000, 0x0000000087200000|100%| O|  |TAMS 0x0000000087200000, 0x0000000087100000| Untracked 
| 114|0x0000000087200000, 0x0000000087300000, 0x0000000087300000|100%| O|  |TAMS 0x0000000087200000, 0x0000000087200000| Untracked 
| 115|0x0000000087300000, 0x0000000087400000, 0x0000000087400000|100%| O|  |TAMS 0x0000000087400000, 0x0000000087300000| Untracked 
| 116|0x0000000087400000, 0x0000000087500000, 0x0000000087500000|100%| O|  |TAMS 0x0000000087500000, 0x0000000087400000| Untracked 
| 117|0x0000000087500000, 0x0000000087600000, 0x0000000087600000|100%| O|  |TAMS 0x0000000087600000, 0x0000000087500000| Untracked 
| 118|0x0000000087600000, 0x0000000087700000, 0x0000000087700000|100%|HS|  |TAMS 0x0000000087700000, 0x0000000087600000| Complete 
| 119|0x0000000087700000, 0x0000000087800000, 0x0000000087800000|100%|HC|  |TAMS 0x0000000087800000, 0x0000000087700000| Complete 
| 120|0x0000000087800000, 0x0000000087900000, 0x0000000087900000|100%|HC|  |TAMS 0x0000000087900000, 0x0000000087800000| Complete 
| 121|0x0000000087900000, 0x0000000087a00000, 0x0000000087a00000|100%|HC|  |TAMS 0x0000000087a00000, 0x0000000087900000| Complete 
| 122|0x0000000087a00000, 0x0000000087b00000, 0x0000000087b00000|100%|HS|  |TAMS 0x0000000087b00000, 0x0000000087a00000| Complete 
| 123|0x0000000087b00000, 0x0000000087c00000, 0x0000000087c00000|100%|HC|  |TAMS 0x0000000087c00000, 0x0000000087b00000| Complete 
| 124|0x0000000087c00000, 0x0000000087d00000, 0x0000000087d00000|100%|HS|  |TAMS 0x0000000087d00000, 0x0000000087c00000| Complete 
| 125|0x0000000087d00000, 0x0000000087e00000, 0x0000000087e00000|100%|HC|  |TAMS 0x0000000087e00000, 0x0000000087d00000| Complete 
| 126|0x0000000087e00000, 0x0000000087f00000, 0x0000000087f00000|100%|HC|  |TAMS 0x0000000087f00000, 0x0000000087e00000| Complete 
| 127|0x0000000087f00000, 0x0000000088000000, 0x0000000088000000|100%|HS|  |TAMS 0x0000000088000000, 0x0000000087f00000| Complete 
| 128|0x0000000088000000, 0x0000000088100000, 0x0000000088100000|100%|HC|  |TAMS 0x0000000088100000, 0x0000000088000000| Complete 
| 129|0x0000000088100000, 0x0000000088200000, 0x0000000088200000|100%|HC|  |TAMS 0x0000000088200000, 0x0000000088100000| Complete 
| 130|0x0000000088200000, 0x0000000088300000, 0x0000000088300000|100%|HS|  |TAMS 0x0000000088300000, 0x0000000088200000| Complete 
| 131|0x0000000088300000, 0x0000000088400000, 0x0000000088400000|100%|HC|  |TAMS 0x0000000088400000, 0x0000000088300000| Complete 
| 132|0x0000000088400000, 0x0000000088500000, 0x0000000088500000|100%|HC|  |TAMS 0x0000000088500000, 0x0000000088400000| Complete 
| 133|0x0000000088500000, 0x0000000088600000, 0x0000000088600000|100%|HC|  |TAMS 0x0000000088600000, 0x0000000088500000| Complete 
| 134|0x0000000088600000, 0x0000000088700000, 0x0000000088700000|100%|HS|  |TAMS 0x0000000088700000, 0x0000000088600000| Complete 
| 135|0x0000000088700000, 0x0000000088800000, 0x0000000088800000|100%|HC|  |TAMS 0x0000000088800000, 0x0000000088700000| Complete 
| 136|0x0000000088800000, 0x0000000088900000, 0x0000000088900000|100%|HC|  |TAMS 0x0000000088900000, 0x0000000088800000| Complete 
| 137|0x0000000088900000, 0x0000000088a00000, 0x0000000088a00000|100%|HC|  |TAMS 0x0000000088a00000, 0x0000000088900000| Complete 
| 138|0x0000000088a00000, 0x0000000088b00000, 0x0000000088b00000|100%| O|  |TAMS 0x0000000088aafa00, 0x0000000088a00000| Untracked 
| 139|0x0000000088b00000, 0x0000000088c00000, 0x0000000088c00000|100%| O|  |TAMS 0x0000000088b00000, 0x0000000088b00000| Untracked 
| 140|0x0000000088c00000, 0x0000000088d00000, 0x0000000088d00000|100%| O|  |TAMS 0x0000000088c00000, 0x0000000088c00000| Untracked 
| 141|0x0000000088d00000, 0x0000000088e00000, 0x0000000088e00000|100%| O|  |TAMS 0x0000000088d00000, 0x0000000088d00000| Untracked 
| 142|0x0000000088e00000, 0x0000000088f00000, 0x0000000088f00000|100%| O|  |TAMS 0x0000000088e00000, 0x0000000088e00000| Untracked 
| 143|0x0000000088f00000, 0x0000000088f46a00, 0x0000000089000000| 27%| O|  |TAMS 0x0000000088f00000, 0x0000000088f00000| Untracked 
| 144|0x0000000089000000, 0x0000000089000000, 0x0000000089100000|  0%| F|  |TAMS 0x0000000089000000, 0x0000000089000000| Untracked 
| 145|0x0000000089100000, 0x0000000089100000, 0x0000000089200000|  0%| F|  |TAMS 0x0000000089100000, 0x0000000089100000| Untracked 
| 146|0x0000000089200000, 0x0000000089200000, 0x0000000089300000|  0%| F|  |TAMS 0x0000000089200000, 0x0000000089200000| Untracked 
| 147|0x0000000089300000, 0x0000000089300000, 0x0000000089400000|  0%| F|  |TAMS 0x0000000089300000, 0x0000000089300000| Untracked 
| 148|0x0000000089400000, 0x0000000089400000, 0x0000000089500000|  0%| F|  |TAMS 0x0000000089400000, 0x0000000089400000| Untracked 
| 149|0x0000000089500000, 0x0000000089500000, 0x0000000089600000|  0%| F|  |TAMS 0x0000000089500000, 0x0000000089500000| Untracked 
| 150|0x0000000089600000, 0x0000000089600000, 0x0000000089700000|  0%| F|  |TAMS 0x0000000089600000, 0x0000000089600000| Untracked 
| 151|0x0000000089700000, 0x0000000089700000, 0x0000000089800000|  0%| F|  |TAMS 0x0000000089700000, 0x0000000089700000| Untracked 
| 152|0x0000000089800000, 0x0000000089800000, 0x0000000089900000|  0%| F|  |TAMS 0x0000000089800000, 0x0000000089800000| Untracked 
| 153|0x0000000089900000, 0x0000000089900000, 0x0000000089a00000|  0%| F|  |TAMS 0x0000000089900000, 0x0000000089900000| Untracked 
| 154|0x0000000089a00000, 0x0000000089a00000, 0x0000000089b00000|  0%| F|  |TAMS 0x0000000089a00000, 0x0000000089a00000| Untracked 
| 155|0x0000000089b00000, 0x0000000089b00000, 0x0000000089c00000|  0%| F|  |TAMS 0x0000000089b00000, 0x0000000089b00000| Untracked 
| 156|0x0000000089c00000, 0x0000000089c00000, 0x0000000089d00000|  0%| F|  |TAMS 0x0000000089c00000, 0x0000000089c00000| Untracked 
| 157|0x0000000089d00000, 0x0000000089d00000, 0x0000000089e00000|  0%| F|  |TAMS 0x0000000089d00000, 0x0000000089d00000| Untracked 
| 158|0x0000000089e00000, 0x0000000089e00000, 0x0000000089f00000|  0%| F|  |TAMS 0x0000000089e00000, 0x0000000089e00000| Untracked 
| 159|0x0000000089f00000, 0x0000000089f00000, 0x000000008a000000|  0%| F|  |TAMS 0x0000000089f00000, 0x0000000089f00000| Untracked 
| 160|0x000000008a000000, 0x000000008a000000, 0x000000008a100000|  0%| F|  |TAMS 0x000000008a000000, 0x000000008a000000| Untracked 
| 161|0x000000008a100000, 0x000000008a100000, 0x000000008a200000|  0%| F|  |TAMS 0x000000008a100000, 0x000000008a100000| Untracked 
| 162|0x000000008a200000, 0x000000008a200000, 0x000000008a300000|  0%| F|  |TAMS 0x000000008a200000, 0x000000008a200000| Untracked 
| 163|0x000000008a300000, 0x000000008a300000, 0x000000008a400000|  0%| F|  |TAMS 0x000000008a300000, 0x000000008a300000| Untracked 
| 164|0x000000008a400000, 0x000000008a400000, 0x000000008a500000|  0%| F|  |TAMS 0x000000008a400000, 0x000000008a400000| Untracked 
| 165|0x000000008a500000, 0x000000008a500000, 0x000000008a600000|  0%| F|  |TAMS 0x000000008a500000, 0x000000008a500000| Untracked 
| 166|0x000000008a600000, 0x000000008a600000, 0x000000008a700000|  0%| F|  |TAMS 0x000000008a600000, 0x000000008a600000| Untracked 
| 167|0x000000008a700000, 0x000000008a700000, 0x000000008a800000|  0%| F|  |TAMS 0x000000008a700000, 0x000000008a700000| Untracked 
| 168|0x000000008a800000, 0x000000008a800000, 0x000000008a900000|  0%| F|  |TAMS 0x000000008a800000, 0x000000008a800000| Untracked 
| 169|0x000000008a900000, 0x000000008a900000, 0x000000008aa00000|  0%| F|  |TAMS 0x000000008a900000, 0x000000008a900000| Untracked 
| 170|0x000000008aa00000, 0x000000008aa00000, 0x000000008ab00000|  0%| F|  |TAMS 0x000000008aa00000, 0x000000008aa00000| Untracked 
| 171|0x000000008ab00000, 0x000000008ab00000, 0x000000008ac00000|  0%| F|  |TAMS 0x000000008ab00000, 0x000000008ab00000| Untracked 
| 172|0x000000008ac00000, 0x000000008ac00000, 0x000000008ad00000|  0%| F|  |TAMS 0x000000008ac00000, 0x000000008ac00000| Untracked 
| 173|0x000000008ad00000, 0x000000008ad00000, 0x000000008ae00000|  0%| F|  |TAMS 0x000000008ad00000, 0x000000008ad00000| Untracked 
| 174|0x000000008ae00000, 0x000000008ae00000, 0x000000008af00000|  0%| F|  |TAMS 0x000000008ae00000, 0x000000008ae00000| Untracked 
| 175|0x000000008af00000, 0x000000008af38310, 0x000000008b000000| 21%| E|  |TAMS 0x000000008af00000, 0x000000008af00000| Complete 
| 176|0x000000008b000000, 0x000000008b100000, 0x000000008b100000|100%| E|CS|TAMS 0x000000008b000000, 0x000000008b000000| Complete 
| 177|0x000000008b100000, 0x000000008b200000, 0x000000008b200000|100%| E|CS|TAMS 0x000000008b100000, 0x000000008b100000| Complete 
| 178|0x000000008b200000, 0x000000008b300000, 0x000000008b300000|100%| E|CS|TAMS 0x000000008b200000, 0x000000008b200000| Complete 
| 179|0x000000008b300000, 0x000000008b400000, 0x000000008b400000|100%| E|  |TAMS 0x000000008b300000, 0x000000008b300000| Complete 
| 180|0x000000008b400000, 0x000000008b500000, 0x000000008b500000|100%| E|CS|TAMS 0x000000008b400000, 0x000000008b400000| Complete 
| 181|0x000000008b500000, 0x000000008b600000, 0x000000008b600000|100%| E|CS|TAMS 0x000000008b500000, 0x000000008b500000| Complete 
| 182|0x000000008b600000, 0x000000008b700000, 0x000000008b700000|100%| E|CS|TAMS 0x000000008b600000, 0x000000008b600000| Complete 
| 183|0x000000008b700000, 0x000000008b800000, 0x000000008b800000|100%| E|CS|TAMS 0x000000008b700000, 0x000000008b700000| Complete 
| 184|0x000000008b800000, 0x000000008b900000, 0x000000008b900000|100%| E|CS|TAMS 0x000000008b800000, 0x000000008b800000| Complete 
| 185|0x000000008b900000, 0x000000008ba00000, 0x000000008ba00000|100%| E|CS|TAMS 0x000000008b900000, 0x000000008b900000| Complete 
| 186|0x000000008ba00000, 0x000000008bb00000, 0x000000008bb00000|100%| E|CS|TAMS 0x000000008ba00000, 0x000000008ba00000| Complete 
| 187|0x000000008bb00000, 0x000000008bc00000, 0x000000008bc00000|100%| E|CS|TAMS 0x000000008bb00000, 0x000000008bb00000| Complete 
| 188|0x000000008bc00000, 0x000000008bd00000, 0x000000008bd00000|100%| E|CS|TAMS 0x000000008bc00000, 0x000000008bc00000| Complete 
| 189|0x000000008bd00000, 0x000000008be00000, 0x000000008be00000|100%| E|CS|TAMS 0x000000008bd00000, 0x000000008bd00000| Complete 
| 190|0x000000008be00000, 0x000000008bf00000, 0x000000008bf00000|100%| E|CS|TAMS 0x000000008be00000, 0x000000008be00000| Complete 
| 191|0x000000008bf00000, 0x000000008c000000, 0x000000008c000000|100%| E|CS|TAMS 0x000000008bf00000, 0x000000008bf00000| Complete 
| 192|0x000000008c000000, 0x000000008c100000, 0x000000008c100000|100%| E|CS|TAMS 0x000000008c000000, 0x000000008c000000| Complete 
| 193|0x000000008c100000, 0x000000008c200000, 0x000000008c200000|100%| E|CS|TAMS 0x000000008c100000, 0x000000008c100000| Complete 
| 194|0x000000008c200000, 0x000000008c28f138, 0x000000008c300000| 55%| S|CS|TAMS 0x000000008c200000, 0x000000008c200000| Complete 
| 195|0x000000008c300000, 0x000000008c400000, 0x000000008c400000|100%| E|CS|TAMS 0x000000008c300000, 0x000000008c300000| Complete 
| 196|0x000000008c400000, 0x000000008c500000, 0x000000008c500000|100%| E|CS|TAMS 0x000000008c400000, 0x000000008c400000| Complete 
| 197|0x000000008c500000, 0x000000008c5ffff8, 0x000000008c600000| 99%| E|CS|TAMS 0x000000008c500000, 0x000000008c500000| Complete 
| 198|0x000000008c600000, 0x000000008c700000, 0x000000008c700000|100%| E|CS|TAMS 0x000000008c600000, 0x000000008c600000| Complete 
| 199|0x000000008c700000, 0x000000008c800000, 0x000000008c800000|100%| E|CS|TAMS 0x000000008c700000, 0x000000008c700000| Complete 
| 200|0x000000008c800000, 0x000000008c900000, 0x000000008c900000|100%| E|CS|TAMS 0x000000008c800000, 0x000000008c800000| Complete 
| 201|0x000000008c900000, 0x000000008ca00000, 0x000000008ca00000|100%| E|CS|TAMS 0x000000008c900000, 0x000000008c900000| Complete 

Card table byte_map: [0x000002a69a530000,0x000002a69a930000] _byte_map_base: 0x000002a69a130000

Marking Bits (Prev, Next): (CMBitMap*) 0x000002a68766f8c0, (CMBitMap*) 0x000002a68766f888
 Prev Bits: [0x000002a69cd30000, 0x000002a69ed30000)
 Next Bits: [0x000002a69ad30000, 0x000002a69cd30000)

Polling page: 0x000002a686e10000

Metaspace:

Usage:
  Non-class:    128.90 MB capacity,   126.34 MB ( 98%) used,     2.08 MB (  2%) free+waste,   483.50 KB ( <1%) overhead. 
      Class:     19.49 MB capacity,    17.98 MB ( 92%) used,     1.30 MB (  7%) free+waste,   211.81 KB (  1%) overhead. 
       Both:    148.39 MB capacity,   144.33 MB ( 97%) used,     3.38 MB (  2%) free+waste,   695.31 KB ( <1%) overhead. 

Virtual space:
  Non-class space:      130.00 MB reserved,     128.95 MB (>99%) committed 
      Class space:        1.00 GB reserved,      19.50 MB (  2%) committed 
             Both:        1.13 GB reserved,     148.45 MB ( 13%) committed 

Chunk freelists:
   Non-Class:  54.00 KB
       Class:  7.00 KB
        Both:  61.00 KB

MaxMetaspaceSize: 17179869184.00 GB
CompressedClassSpaceSize: 1.00 GB

CodeHeap 'non-profiled nmethods': size=120064Kb used=15497Kb max_used=15497Kb free=104566Kb
 bounds [0x000002a692bf0000, 0x000002a693b20000, 0x000002a69a130000]
CodeHeap 'profiled nmethods': size=120000Kb used=50621Kb max_used=50621Kb free=69378Kb
 bounds [0x000002a68b6c0000, 0x000002a68e860000, 0x000002a692bf0000]
CodeHeap 'non-nmethods': size=5696Kb used=2432Kb max_used=2482Kb free=3263Kb
 bounds [0x000002a68b130000, 0x000002a68b3b0000, 0x000002a68b6c0000]
 total_blobs=23247 nmethods=22166 adapters=990
 compilation: enabled
              stopped_count=0, restarted_count=0
 full_count=0

Compilation events (20 events):
Event: 2593.738 Thread 0x000002a6a121b800 nmethod 24930 0x000002a693b12710 code [0x000002a693b128a0, 0x000002a693b12918]
Event: 2593.741 Thread 0x000002a6a121b800 24931  s    4       java.io.BufferedOutputStream::flush (12 bytes)
Event: 2593.745 Thread 0x000002a6a121b800 nmethod 24931 0x000002a693b12a10 code [0x000002a693b12bc0, 0x000002a693b12f88]
Event: 2593.747 Thread 0x000002a6a1bc4000 24932       1       sun.security.ssl.SSLCipher$SSLWriteCipher::isNullCipher (2 bytes)
Event: 2593.748 Thread 0x000002a6a1bc4000 nmethod 24932 0x000002a693b13190 code [0x000002a693b13340, 0x000002a693b133f8]
Event: 2593.751 Thread 0x000002a6a1bc4000 24933       1       org.gradle.internal.execution.steps.ResolveInputChangesStep$1::getInputChanges (5 bytes)
Event: 2593.751 Thread 0x000002a6a1bc4000 nmethod 24933 0x000002a693b13490 code [0x000002a693b13640, 0x000002a693b136f8]
Event: 2593.755 Thread 0x000002a6a1bc4000 24934       1       org.gradle.internal.execution.steps.CaptureStateAfterExecutionStep$1::getOutputFilesProduceByWork (5 bytes)
Event: 2593.755 Thread 0x000002a6a1bc4000 nmethod 24934 0x000002a693b13790 code [0x000002a693b13940, 0x000002a693b139f8]
Event: 2593.759 Thread 0x000002a6a121b800 24935       4       org.gradle.cache.internal.LockOnDemandCrossProcessCacheAccess$UnlockAction::run (8 bytes)
Event: 2593.760 Thread 0x000002a6a121b800 nmethod 24935 0x000002a693b13a90 code [0x000002a693b13c40, 0x000002a693b13ce8]
Event: 2593.763 Thread 0x000002a6a1bc4000 24936       3       org.gradle.internal.fingerprint.impl.NameOnlyFingerprintingStrategy::getHashingStrategy (4 bytes)
Event: 2593.764 Thread 0x000002a6a1bc4000 nmethod 24936 0x000002a68d328b10 code [0x000002a68d328cc0, 0x000002a68d328dd8]
Event: 2593.842 Thread 0x000002a6a121b800 24937  s    4       java.io.FileDescriptor::attach (73 bytes)
Event: 2593.852 Thread 0x000002a6a121b800 nmethod 24937 0x000002a693b13d90 code [0x000002a693b13f60, 0x000002a693b145b8]
Event: 2593.853 Thread 0x000002a6a121b800 24938       4       com.google.common.cache.LocalCache::put (29 bytes)
Event: 2593.857 Thread 0x000002a6a121b800 nmethod 24938 0x000002a693b14790 code [0x000002a693b14940, 0x000002a693b14b88]
Event: 2593.857 Thread 0x000002a6a121b800 24939       4       org.gradle.cache.internal.LockOnDemandCrossProcessCacheAccess::acquireFileLock (9 bytes)
Event: 2593.858 Thread 0x000002a6a121b800 nmethod 24939 0x000002a693b14e10 code [0x000002a693b14fa0, 0x000002a693b15028]
Event: 2593.858 Thread 0x000002a6a121b800 24940   !   4       com.google.common.cache.LocalCache$Segment::lockedGetOrLoad (447 bytes)

GC Heap History (20 events):
Event: 2569.432 GC heap before
{Heap before GC invocations=135 (full 0):
 garbage-first heap   total 206848K, used 128367K [0x0000000080000000, 0x0000000100000000)
  region size 1024K, 10 young (10240K), 1 survivors (1024K)
 Metaspace       used 129655K, capacity 133388K, committed 133964K, reserved 1165312K
  class space    used 16294K, capacity 17641K, committed 17792K, reserved 1048576K
}
Event: 2569.466 GC heap after
{Heap after GC invocations=136 (full 0):
 garbage-first heap   total 206848K, used 119865K [0x0000000080000000, 0x0000000100000000)
  region size 1024K, 2 young (2048K), 2 survivors (2048K)
 Metaspace       used 129655K, capacity 133388K, committed 133964K, reserved 1165312K
  class space    used 16294K, capacity 17641K, committed 17792K, reserved 1048576K
}
Event: 2570.699 GC heap before
{Heap before GC invocations=136 (full 0):
 garbage-first heap   total 206848K, used 161849K [0x0000000080000000, 0x0000000100000000)
  region size 1024K, 43 young (44032K), 2 survivors (2048K)
 Metaspace       used 132105K, capacity 136073K, committed 136268K, reserved 1167360K
  class space    used 16556K, capacity 17976K, committed 18048K, reserved 1048576K
}
Event: 2570.710 GC heap after
{Heap after GC invocations=137 (full 0):
 garbage-first heap   total 206848K, used 122457K [0x0000000080000000, 0x0000000100000000)
  region size 1024K, 4 young (4096K), 4 survivors (4096K)
 Metaspace       used 132105K, capacity 136073K, committed 136268K, reserved 1167360K
  class space    used 16556K, capacity 17976K, committed 18048K, reserved 1048576K
}
Event: 2574.980 GC heap before
{Heap before GC invocations=138 (full 0):
 garbage-first heap   total 206848K, used 173657K [0x0000000080000000, 0x0000000100000000)
  region size 1024K, 46 young (47104K), 4 survivors (4096K)
 Metaspace       used 134145K, capacity 138091K, committed 138444K, reserved 1169408K
  class space    used 16858K, capacity 18327K, committed 18432K, reserved 1048576K
}
Event: 2575.020 GC heap after
{Heap after GC invocations=139 (full 0):
 garbage-first heap   total 206848K, used 138164K [0x0000000080000000, 0x0000000100000000)
  region size 1024K, 6 young (6144K), 6 survivors (6144K)
 Metaspace       used 134145K, capacity 138091K, committed 138444K, reserved 1169408K
  class space    used 16858K, capacity 18327K, committed 18432K, reserved 1048576K
}
Event: 2575.180 GC heap before
{Heap before GC invocations=139 (full 0):
 garbage-first heap   total 206848K, used 142260K [0x0000000080000000, 0x0000000100000000)
  region size 1024K, 10 young (10240K), 6 survivors (6144K)
 Metaspace       used 134202K, capacity 138091K, committed 138444K, reserved 1169408K
  class space    used 16866K, capacity 18327K, committed 18432K, reserved 1048576K
}
Event: 2575.216 GC heap after
{Heap after GC invocations=140 (full 0):
 garbage-first heap   total 206848K, used 138066K [0x0000000080000000, 0x0000000100000000)
  region size 1024K, 1 young (1024K), 1 survivors (1024K)
 Metaspace       used 134202K, capacity 138091K, committed 138444K, reserved 1169408K
  class space    used 16866K, capacity 18327K, committed 18432K, reserved 1048576K
}
Event: 2576.182 GC heap before
{Heap before GC invocations=140 (full 0):
 garbage-first heap   total 206848K, used 170834K [0x0000000080000000, 0x0000000100000000)
  region size 1024K, 33 young (33792K), 1 survivors (1024K)
 Metaspace       used 136044K, capacity 140144K, committed 140492K, reserved 1171456K
  class space    used 17113K, capacity 18578K, committed 18688K, reserved 1048576K
}
Event: 2576.193 GC heap after
{Heap after GC invocations=141 (full 0):
 garbage-first heap   total 206848K, used 139496K [0x0000000080000000, 0x0000000100000000)
  region size 1024K, 3 young (3072K), 3 survivors (3072K)
 Metaspace       used 136044K, capacity 140144K, committed 140492K, reserved 1171456K
  class space    used 17113K, capacity 18578K, committed 18688K, reserved 1048576K
}
Event: 2579.558 GC heap before
{Heap before GC invocations=142 (full 0):
 garbage-first heap   total 206848K, used 172264K [0x0000000080000000, 0x0000000100000000)
  region size 1024K, 35 young (35840K), 3 survivors (3072K)
 Metaspace       used 139506K, capacity 143559K, committed 143692K, reserved 1173504K
  class space    used 17464K, capacity 18967K, committed 19072K, reserved 1048576K
}
Event: 2579.571 GC heap after
{Heap after GC invocations=143 (full 0):
 garbage-first heap   total 206848K, used 140663K [0x0000000080000000, 0x0000000100000000)
  region size 1024K, 4 young (4096K), 4 survivors (4096K)
 Metaspace       used 139506K, capacity 143559K, committed 143692K, reserved 1173504K
  class space    used 17464K, capacity 18967K, committed 19072K, reserved 1048576K
}
Event: 2579.734 GC heap before
{Heap before GC invocations=143 (full 0):
 garbage-first heap   total 206848K, used 145783K [0x0000000080000000, 0x0000000100000000)
  region size 1024K, 10 young (10240K), 4 survivors (4096K)
 Metaspace       used 140637K, capacity 144679K, committed 144716K, reserved 1175552K
  class space    used 17570K, capacity 19063K, committed 19072K, reserved 1048576K
}
Event: 2579.768 GC heap after
{Heap after GC invocations=144 (full 0):
 garbage-first heap   total 206848K, used 140554K [0x0000000080000000, 0x0000000100000000)
  region size 1024K, 1 young (1024K), 1 survivors (1024K)
 Metaspace       used 140637K, capacity 144679K, committed 144716K, reserved 1175552K
  class space    used 17570K, capacity 19063K, committed 19072K, reserved 1048576K
}
Event: 2582.415 GC heap before
{Heap before GC invocations=144 (full 0):
 garbage-first heap   total 206848K, used 172298K [0x0000000080000000, 0x0000000100000000)
  region size 1024K, 33 young (33792K), 1 survivors (1024K)
 Metaspace       used 143736K, capacity 147817K, committed 148044K, reserved 1177600K
  class space    used 17967K, capacity 19464K, committed 19584K, reserved 1048576K
}
Event: 2582.447 GC heap after
{Heap after GC invocations=145 (full 0):
 garbage-first heap   total 206848K, used 143434K [0x0000000080000000, 0x0000000100000000)
  region size 1024K, 4 young (4096K), 4 survivors (4096K)
 Metaspace       used 143736K, capacity 147817K, committed 148044K, reserved 1177600K
  class space    used 17967K, capacity 19464K, committed 19584K, reserved 1048576K
}
Event: 2588.022 GC heap before
{Heap before GC invocations=146 (full 0):
 garbage-first heap   total 206848K, used 174154K [0x0000000080000000, 0x0000000100000000)
  region size 1024K, 34 young (34816K), 4 survivors (4096K)
 Metaspace       used 147313K, capacity 151421K, committed 151500K, reserved 1181696K
  class space    used 18392K, capacity 19916K, committed 19968K, reserved 1048576K
}
Event: 2588.049 GC heap after
{Heap after GC invocations=147 (full 0):
 garbage-first heap   total 206848K, used 146008K [0x0000000080000000, 0x0000000100000000)
  region size 1024K, 3 young (3072K), 3 survivors (3072K)
 Metaspace       used 147313K, capacity 151421K, committed 151500K, reserved 1181696K
  class space    used 18392K, capacity 19916K, committed 19968K, reserved 1048576K
}
Event: 2588.919 GC heap before
{Heap before GC invocations=147 (full 0):
 garbage-first heap   total 206848K, used 152152K [0x0000000080000000, 0x0000000100000000)
  region size 1024K, 10 young (10240K), 3 survivors (3072K)
 Metaspace       used 147435K, capacity 151573K, committed 151756K, reserved 1181696K
  class space    used 18394K, capacity 19920K, committed 19968K, reserved 1048576K
}
Event: 2588.948 GC heap after
{Heap after GC invocations=148 (full 0):
 garbage-first heap   total 206848K, used 146262K [0x0000000080000000, 0x0000000100000000)
  region size 1024K, 1 young (1024K), 1 survivors (1024K)
 Metaspace       used 147435K, capacity 151573K, committed 151756K, reserved 1181696K
  class space    used 18394K, capacity 19920K, committed 19968K, reserved 1048576K
}

Deoptimization events (20 events):
Event: 2590.751 Thread 0x000002a6ac88d800 Uncommon trap: trap_request=0xffffff4d fr.pc=0x000002a693143414 relative=0x0000000000000454
Event: 2590.751 Thread 0x000002a6ac88d800 Uncommon trap: reason=unstable_if action=reinterpret pc=0x000002a693143414 method=com.google.common.cache.LocalCache$Segment.expireEntries(J)V @ 84 c2
Event: 2590.751 Thread 0x000002a6ac88d800 DEOPT PACKING pc=0x000002a693143414 sp=0x000000fdf90f8340
Event: 2590.753 Thread 0x000002a6ac88d800 DEOPT UNPACKING pc=0x000002a68b15662f sp=0x000000fdf90f8298 mode 2
Event: 2590.765 Thread 0x000002a6ac88d800 Uncommon trap: trap_request=0xffffff4d fr.pc=0x000002a693264694 relative=0x0000000000000074
Event: 2590.765 Thread 0x000002a6ac88d800 Uncommon trap: reason=unstable_if action=reinterpret pc=0x000002a693264694 method=java.util.Collections.eq(Ljava/lang/Object;Ljava/lang/Object;)Z @ 1 c2
Event: 2590.765 Thread 0x000002a6ac88d800 DEOPT PACKING pc=0x000002a693264694 sp=0x000000fdf90f8da0
Event: 2590.765 Thread 0x000002a6ac88d800 DEOPT UNPACKING pc=0x000002a68b15662f sp=0x000000fdf90f8cd8 mode 2
Event: 2591.286 Thread 0x000002a6ac88d800 DEOPT PACKING pc=0x000002a68deef73c sp=0x000000fdf90f7a30
Event: 2591.286 Thread 0x000002a6ac88d800 DEOPT UNPACKING pc=0x000002a68b156dde sp=0x000000fdf90f6f18 mode 0
Event: 2591.878 Thread 0x000002a6a2c46000 Uncommon trap: trap_request=0xffffff5c fr.pc=0x000002a6932118b8 relative=0x0000000000003838
Event: 2591.879 Thread 0x000002a6a2c46000 Uncommon trap: reason=speculate_null_assert action=make_not_entrant pc=0x000002a6932118b8 method=com.google.common.cache.LongAdder.add(J)V @ 42 c2
Event: 2591.879 Thread 0x000002a6a2c46000 DEOPT PACKING pc=0x000002a6932118b8 sp=0x000000fdfc0fd350
Event: 2591.879 Thread 0x000002a6a2c46000 DEOPT UNPACKING pc=0x000002a68b15662f sp=0x000000fdfc0fd028 mode 2
Event: 2591.918 Thread 0x000002a6aa29a800 Uncommon trap: trap_request=0xffffff4d fr.pc=0x000002a693af1af0 relative=0x0000000000008650
Event: 2591.918 Thread 0x000002a6aa29a800 Uncommon trap: reason=unstable_if action=reinterpret pc=0x000002a693af1af0 method=org.gradle.api.internal.artifacts.ivyservice.modulecache.artifacts.InMemoryModuleArtifactCache.lookup(Lorg/gradle/api/internal/artifacts/ivyservice/modulecache/artifacts/Art
Event: 2591.918 Thread 0x000002a6aa29a800 DEOPT PACKING pc=0x000002a693af1af0 sp=0x000000fdfb7fe190
Event: 2591.918 Thread 0x000002a6aa29a800 DEOPT UNPACKING pc=0x000002a68b15662f sp=0x000000fdfb7fdf30 mode 2
Event: 2591.956 Thread 0x000002a6ac895800 DEOPT PACKING pc=0x000002a68cc634f0 sp=0x000000fdfa0fe270
Event: 2591.956 Thread 0x000002a6ac895800 DEOPT UNPACKING pc=0x000002a68b156dde sp=0x000000fdfa0fd728 mode 0

Classes redefined (0 events):
No events

Internal exceptions (20 events):
Event: 2576.237 Thread 0x000002a6ac88d800 Exception <a 'java/lang/ClassNotFoundException'{0x000000008c5d1178}: org/gradle/api/tasks/SourceSetCustomizer> (0x000000008c5d1178) thrown at [./src/hotspot/share/classfile/systemDictionary.cpp, line 231]
Event: 2576.241 Thread 0x000002a6ac88d800 Exception <a 'java/lang/ClassNotFoundException'{0x000000008c44a788}: java/util/LinkedHashMapBeanInfo> (0x000000008c44a788) thrown at [./src/hotspot/share/classfile/systemDictionary.cpp, line 231]
Event: 2576.242 Thread 0x000002a6ac88d800 Exception <a 'java/lang/ClassNotFoundException'{0x000000008c4527f8}: java/util/HashMapBeanInfo> (0x000000008c4527f8) thrown at [./src/hotspot/share/classfile/systemDictionary.cpp, line 231]
Event: 2576.242 Thread 0x000002a6ac88d800 Exception <a 'java/lang/ClassNotFoundException'{0x000000008c45b0a0}: java/util/AbstractMapBeanInfo> (0x000000008c45b0a0) thrown at [./src/hotspot/share/classfile/systemDictionary.cpp, line 231]
Event: 2576.242 Thread 0x000002a6ac88d800 Exception <a 'java/lang/ClassNotFoundException'{0x000000008c463a00}: java/util/AbstractMapCustomizer> (0x000000008c463a00) thrown at [./src/hotspot/share/classfile/systemDictionary.cpp, line 231]
Event: 2576.243 Thread 0x000002a6ac88d800 Exception <a 'java/lang/ClassNotFoundException'{0x000000008c475ea8}: java/util/HashMapCustomizer> (0x000000008c475ea8) thrown at [./src/hotspot/share/classfile/systemDictionary.cpp, line 231]
Event: 2576.244 Thread 0x000002a6ac88d800 Exception <a 'java/lang/ClassNotFoundException'{0x000000008c495b70}: java/util/LinkedHashMapCustomizer> (0x000000008c495b70) thrown at [./src/hotspot/share/classfile/systemDictionary.cpp, line 231]
Event: 2576.279 Thread 0x000002a6ac88d800 Implicit null exception at 0x000002a69328b02d to 0x000002a69328f4f8
Event: 2579.342 Thread 0x000002a6ac88d800 Exception <a 'sun/nio/fs/WindowsException'{0x000000008ad89de8}> (0x000000008ad89de8) thrown at [./src/hotspot/share/prims/jni.cpp, line 615]
Event: 2579.431 Thread 0x000002a6ac88d800 Exception <a 'sun/nio/fs/WindowsException'{0x000000008ac2c1c8}> (0x000000008ac2c1c8) thrown at [./src/hotspot/share/prims/jni.cpp, line 615]
Event: 2579.431 Thread 0x000002a6ac88d800 Exception <a 'sun/nio/fs/WindowsException'{0x000000008ac2d298}> (0x000000008ac2d298) thrown at [./src/hotspot/share/prims/jni.cpp, line 615]
Event: 2579.432 Thread 0x000002a6ac88d800 Exception <a 'sun/nio/fs/WindowsException'{0x000000008ac2e2a8}> (0x000000008ac2e2a8) thrown at [./src/hotspot/share/prims/jni.cpp, line 615]
Event: 2579.432 Thread 0x000002a6ac88d800 Exception <a 'sun/nio/fs/WindowsException'{0x000000008ac2f2b8}> (0x000000008ac2f2b8) thrown at [./src/hotspot/share/prims/jni.cpp, line 615]
Event: 2579.966 Thread 0x000002a6ac88d800 Exception <a 'java/lang/reflect/InvocationTargetException'{0x000000008c793630}> (0x000000008c793630) thrown at [./src/hotspot/share/runtime/reflection.cpp, line 1247]
Event: 2581.504 Thread 0x000002a6ac897000 Implicit null exception at 0x000002a69378cbbb to 0x000002a69378d01c
Event: 2585.378 Thread 0x000002a6ac897000 Implicit null exception at 0x000002a69363c3bc to 0x000002a69363c524
Event: 2585.503 Thread 0x000002a6ac897000 Implicit null exception at 0x000002a6932cc2c0 to 0x000002a6932ccb90
Event: 2587.988 Thread 0x000002a6ac88d800 Implicit null exception at 0x000002a692eb5377 to 0x000002a692eb5510
Event: 2590.818 Thread 0x000002a6aa29b800 Exception <a 'java/net/SocketTimeoutException'{0x000000008be372d8}: Read timed out> (0x000000008be372d8) thrown at [./src/hotspot/share/prims/jni.cpp, line 636]
Event: 2591.918 Thread 0x000002a6aa29a800 Implicit null exception at 0x000002a693aeb224 to 0x000002a693af1aac

Events (20 events):
Event: 2590.971 loading class org/gradle/internal/execution/history/changes/RebuildExecutionStateChanges
Event: 2590.971 loading class org/gradle/internal/execution/history/changes/RebuildExecutionStateChanges done
Event: 2590.972 Executing VM operation: Deoptimize
Event: 2590.976 Executing VM operation: Deoptimize done
Event: 2590.977 Executing VM operation: RevokeBias
Event: 2590.977 Executing VM operation: RevokeBias done
Event: 2590.977 Executing VM operation: RevokeBias
Event: 2590.978 Executing VM operation: RevokeBias done
Event: 2590.978 Executing VM operation: RevokeBias
Event: 2590.979 Executing VM operation: RevokeBias done
Event: 2591.000 loading class com/android/builder/aar/AarExtractor
Event: 2591.000 loading class com/android/builder/aar/AarExtractor done
Event: 2591.000 loading class org/gradle/internal/fingerprint/impl/NameOnlyFingerprintingStrategy$1
Event: 2591.000 loading class org/gradle/internal/fingerprint/impl/NameOnlyFingerprintingStrategy$1 done
Event: 2591.005 loading class com/android/builder/utils/ZipEntryUtils
Event: 2591.005 loading class com/android/builder/utils/ZipEntryUtils done
Event: 2591.549 loading class com/android/build/gradle/internal/dependency/AarTransform$1
Event: 2591.549 loading class com/android/build/gradle/internal/dependency/AarTransform$1 done
Event: 2591.878 Executing VM operation: RevokeBias
Event: 2591.879 Executing VM operation: RevokeBias done


Dynamic libraries:
0x00007ff7fa390000 - 0x00007ff7fa39a000 	C:\Program Files\Android\Android Studio1\jre\bin\java.exe
0x00007ffe49c80000 - 0x00007ffe49e89000 	C:\WINDOWS\SYSTEM32\ntdll.dll
0x00007ffe482e0000 - 0x00007ffe4839d000 	C:\WINDOWS\System32\KERNEL32.DLL
0x00007ffe474c0000 - 0x00007ffe47834000 	C:\WINDOWS\System32\KERNELBASE.dll
0x00007ffe47840000 - 0x00007ffe47951000 	C:\WINDOWS\System32\ucrtbase.dll
0x00007ffe2e0f0000 - 0x00007ffe2e109000 	C:\Program Files\Android\Android Studio1\jre\bin\jli.dll
0x00007ffe490b0000 - 0x00007ffe4925c000 	C:\WINDOWS\System32\USER32.dll
0x00007ffe47490000 - 0x00007ffe474b6000 	C:\WINDOWS\System32\win32u.dll
0x00007ffe47b20000 - 0x00007ffe47b49000 	C:\WINDOWS\System32\GDI32.dll
0x00007ffe47960000 - 0x00007ffe47a72000 	C:\WINDOWS\System32\gdi32full.dll
0x00007ffe47a80000 - 0x00007ffe47b1d000 	C:\WINDOWS\System32\msvcp_win.dll
0x00007ffe323e0000 - 0x00007ffe32685000 	C:\WINDOWS\WinSxS\amd64_microsoft.windows.common-controls_6595b64144ccf1df_6.0.22000.120_none_9d947278b86cc467\COMCTL32.dll
0x00007ffe47f60000 - 0x00007ffe48003000 	C:\WINDOWS\System32\msvcrt.dll
0x00007ffe2cd00000 - 0x00007ffe2cd17000 	C:\Program Files\Android\Android Studio1\jre\bin\VCRUNTIME140.dll
0x00007ffe47e80000 - 0x00007ffe47eb1000 	C:\WINDOWS\System32\IMM32.DLL
0x00007ffe242a0000 - 0x00007ffe2433d000 	C:\Program Files\Android\Android Studio1\jre\bin\msvcp140.dll
0x00007ffe0bfa0000 - 0x00007ffe0ca75000 	C:\Program Files\Android\Android Studio1\jre\bin\server\jvm.dll
0x00007ffe47ca0000 - 0x00007ffe47d4e000 	C:\WINDOWS\System32\ADVAPI32.dll
0x00007ffe48080000 - 0x00007ffe4811e000 	C:\WINDOWS\System32\sechost.dll
0x00007ffe47d60000 - 0x00007ffe47e80000 	C:\WINDOWS\System32\RPCRT4.dll
0x00007ffe47ee0000 - 0x00007ffe47ee8000 	C:\WINDOWS\System32\PSAPI.DLL
0x00007ffe2bdf0000 - 0x00007ffe2bdf9000 	C:\WINDOWS\SYSTEM32\WSOCK32.dll
0x00007ffe47ef0000 - 0x00007ffe47f5f000 	C:\WINDOWS\System32\WS2_32.dll
0x00007ffe40570000 - 0x00007ffe405a3000 	C:\WINDOWS\SYSTEM32\WINMM.dll
0x00007ffe3e230000 - 0x00007ffe3e23a000 	C:\WINDOWS\SYSTEM32\VERSION.dll
0x00007ffe46270000 - 0x00007ffe46288000 	C:\WINDOWS\SYSTEM32\kernel.appcore.dll
0x00007ffe43810000 - 0x00007ffe43821000 	C:\Program Files\Android\Android Studio1\jre\bin\verify.dll
0x00007ffe44d90000 - 0x00007ffe44fb1000 	C:\WINDOWS\SYSTEM32\DBGHELP.DLL
0x00007ffe2b710000 - 0x00007ffe2b741000 	C:\WINDOWS\SYSTEM32\dbgcore.DLL
0x00007ffe47410000 - 0x00007ffe4748f000 	C:\WINDOWS\System32\bcryptPrimitives.dll
0x00007ffe409e0000 - 0x00007ffe40a09000 	C:\Program Files\Android\Android Studio1\jre\bin\java.dll
0x00007ffe43800000 - 0x00007ffe4380b000 	C:\Program Files\Android\Android Studio1\jre\bin\jimage.dll
0x00007ffe42c80000 - 0x00007ffe42c98000 	C:\Program Files\Android\Android Studio1\jre\bin\zip.dll
0x00007ffe49490000 - 0x00007ffe49c3e000 	C:\WINDOWS\System32\SHELL32.dll
0x00007ffe452b0000 - 0x00007ffe45b17000 	C:\WINDOWS\SYSTEM32\windows.storage.dll
0x00007ffe48cd0000 - 0x00007ffe49048000 	C:\WINDOWS\System32\combase.dll
0x00007ffe45140000 - 0x00007ffe452a6000 	C:\WINDOWS\SYSTEM32\wintypes.dll
0x00007ffe49340000 - 0x00007ffe4942a000 	C:\WINDOWS\System32\SHCORE.dll
0x00007ffe47b50000 - 0x00007ffe47bad000 	C:\WINDOWS\System32\shlwapi.dll
0x00007ffe470a0000 - 0x00007ffe470c1000 	C:\WINDOWS\SYSTEM32\profapi.dll
0x00007ffe42be0000 - 0x00007ffe42bfa000 	C:\Program Files\Android\Android Studio1\jre\bin\net.dll
0x00007ffe3f080000 - 0x00007ffe3f18c000 	C:\WINDOWS\SYSTEM32\WINHTTP.dll
0x00007ffe466a0000 - 0x00007ffe46707000 	C:\WINDOWS\system32\mswsock.dll
0x00007ffe36120000 - 0x00007ffe36134000 	C:\Program Files\Android\Android Studio1\jre\bin\nio.dll
0x00007ffe30240000 - 0x00007ffe30267000 	C:\Users\Jaytu\.gradle\native\e1d6ef7f7dcc3fd88c89a11ec53ec762bb8ba0a96d01ffa2cd45eb1d1d8dd5c5\windows-amd64\native-platform.dll
0x00007ffe098d0000 - 0x00007ffe09a14000 	C:\Users\Jaytu\.gradle\native\5664cfc778a61ccfe75a443a1ab52a65af34e5dc3c78e0209fed803814484fcb\windows-amd64\native-platform-file-events.dll
0x00007ffe43780000 - 0x00007ffe4378a000 	C:\Program Files\Android\Android Studio1\jre\bin\management.dll
0x00007ffe42cb0000 - 0x00007ffe42cbd000 	C:\Program Files\Android\Android Studio1\jre\bin\management_ext.dll
0x00007ffe468f0000 - 0x00007ffe46908000 	C:\WINDOWS\SYSTEM32\CRYPTSP.dll
0x00007ffe461d0000 - 0x00007ffe46205000 	C:\WINDOWS\system32\rsaenh.dll
0x00007ffe46790000 - 0x00007ffe467b9000 	C:\WINDOWS\SYSTEM32\USERENV.dll
0x00007ffe46a60000 - 0x00007ffe46a87000 	C:\WINDOWS\SYSTEM32\bcrypt.dll
0x00007ffe468e0000 - 0x00007ffe468ec000 	C:\WINDOWS\SYSTEM32\CRYPTBASE.dll
0x00007ffe45d70000 - 0x00007ffe45d9d000 	C:\WINDOWS\SYSTEM32\IPHLPAPI.DLL
0x00007ffe483a0000 - 0x00007ffe483a9000 	C:\WINDOWS\System32\NSI.dll
0x00007ffe40180000 - 0x00007ffe40199000 	C:\WINDOWS\SYSTEM32\dhcpcsvc6.DLL
0x00007ffe40530000 - 0x00007ffe4054e000 	C:\WINDOWS\SYSTEM32\dhcpcsvc.DLL
0x00007ffe45de0000 - 0x00007ffe45ec7000 	C:\WINDOWS\SYSTEM32\DNSAPI.dll
0x00007ffe44810000 - 0x00007ffe44844000 	C:\WINDOWS\SYSTEM32\ntmarta.dll
0x00007ffe32690000 - 0x00007ffe326ae000 	C:\Users\Jaytu\AppData\Local\Temp\native-platform13495420344794082209dir\native-platform.dll
0x00007ffe437f0000 - 0x00007ffe437f8000 	C:\Program Files\Android\Android Studio1\jre\bin\rmi.dll
0x00007ffe30ee0000 - 0x00007ffe30f07000 	C:\Program Files\Android\Android Studio1\jre\bin\sunec.dll
0x00007ffe2ea00000 - 0x00007ffe2ea0a000 	C:\Windows\System32\rasadhlp.dll
0x00007ffe3be70000 - 0x00007ffe3bef1000 	C:\WINDOWS\System32\fwpuclnt.dll

dbghelp: loaded successfully - version: 4.0.5 - missing functions: none
symbol engine: initialized successfully - sym options: 0x614 - pdb path: .;C:\Program Files\Android\Android Studio1\jre\bin;C:\WINDOWS\SYSTEM32;C:\WINDOWS\WinSxS\amd64_microsoft.windows.common-controls_6595b64144ccf1df_6.0.22000.120_none_9d947278b86cc467;C:\Program Files\Android\Android Studio1\jre\bin\server;C:\Users\Jaytu\.gradle\native\e1d6ef7f7dcc3fd88c89a11ec53ec762bb8ba0a96d01ffa2cd45eb1d1d8dd5c5\windows-amd64;C:\Users\Jaytu\.gradle\native\5664cfc778a61ccfe75a443a1ab52a65af34e5dc3c78e0209fed803814484fcb\windows-amd64;C:\Users\Jaytu\AppData\Local\Temp\native-platform13495420344794082209dir

VM Arguments:
jvm_args: --add-opens=java.base/java.util=ALL-UNNAMED --add-opens=java.base/java.lang=ALL-UNNAMED --add-opens=java.base/java.lang.invoke=ALL-UNNAMED --add-opens=java.base/java.util=ALL-UNNAMED --add-opens=java.prefs/java.util.prefs=ALL-UNNAMED --add-opens=java.prefs/java.util.prefs=ALL-UNNAMED --add-opens=java.base/java.nio.charset=ALL-UNNAMED --add-opens=java.base/java.net=ALL-UNNAMED --add-opens=java.base/java.util.concurrent.atomic=ALL-UNNAMED -Xmx2048m -Dfile.encoding=UTF-8 -Duser.country=CA -Duser.language=en -Duser.variant 
java_command: org.gradle.launcher.daemon.bootstrap.GradleDaemon 7.2
java_class_path (initial): C:\Users\Jaytu\.gradle\wrapper\dists\gradle-7.2-bin\2dnblmf4td7x66yl1d74lt32g\gradle-7.2\lib\gradle-launcher-7.2.jar
Launcher Type: SUN_STANDARD

[Global flags]
     intx CICompilerCount                          = 3                                         {product} {ergonomic}
     uint ConcGCThreads                            = 1                                         {product} {ergonomic}
     uint G1ConcRefinementThreads                  = 4                                         {product} {ergonomic}
   size_t G1HeapRegionSize                         = 1048576                                   {product} {ergonomic}
    uintx GCDrainStackTargetSize                   = 64                                        {product} {ergonomic}
   size_t InitialHeapSize                          = 100663296                                 {product} {ergonomic}
   size_t MarkStackSize                            = 4194304                                   {product} {ergonomic}
   size_t MaxHeapSize                              = 2147483648                                {product} {command line}
   size_t MaxNewSize                               = 1287651328                                {product} {ergonomic}
   size_t MinHeapDeltaBytes                        = 1048576                                   {product} {ergonomic}
    uintx NonNMethodCodeHeapSize                   = 5830732                                {pd product} {ergonomic}
    uintx NonProfiledCodeHeapSize                  = 122913754                              {pd product} {ergonomic}
    uintx ProfiledCodeHeapSize                     = 122913754                              {pd product} {ergonomic}
    uintx ReservedCodeCacheSize                    = 251658240                              {pd product} {ergonomic}
     bool SegmentedCodeCache                       = true                                      {product} {ergonomic}
     bool UseCompressedClassPointers               = true                                 {lp64_product} {ergonomic}
     bool UseCompressedOops                        = true                                 {lp64_product} {ergonomic}
     bool UseG1GC                                  = true                                      {product} {ergonomic}
     bool UseLargePagesIndividualAllocation        = false                                  {pd product} {ergonomic}

Logging:
Log output configuration:
 #0: stdout all=warning uptime,level,tags
 #1: stderr all=off uptime,level,tags

Environment Variables:
CLASSPATH=C:\LINGO64_19\Lingo19.jar
PATH=C:\Program Files (x86)\Razer Chroma SDK\bin;C:\Program Files\Razer Chroma SDK\bin;C:\Python39\Scripts\;C:\Python39\;C:\Program Files (x86)\Razer\ChromaBroadcast\bin;C:\Program Files\Razer\ChromaBroadcast\bin;C:\Program Files (x86)\NVIDIA Corporation\PhysX\Common;C:\Python38\Scripts\;C:\Python38\;C:\Program Files (x86)\Python38-32\Scripts\;C:\Program Files (x86)\Python38-32\;C:\WINDOWS\system32;C:\WINDOWS;C:\WINDOWS\System32\Wbem;C:\WINDOWS\System32\WindowsPowerShell\v1.0\;C:\WINDOWS\System32\OpenSSH\;C:\ProgramData\chocolatey\bin;C:\MinGW\bin;C:\WINDOWS\system32\config\systemprofile\AppData\Local\Microsoft\WindowsApps;C:\Program Files\nodejs\;C:\WINDOWS\system32;C:\WINDOWS;C:\WINDOWS\System32\Wbem;C:\WINDOWS\System32\WindowsPowerShell\v1.0\;C:\WINDOWS\System32\OpenSSH\;C:\Program Files\Tesseract-OCR;C:\LINGO64_19\;C:\Users\Jaytu\AppData\Local\Microsoft\WindowsApps;C:\Program Files (x86)\Python38-32;C:\MinGW\bin;C:\PHP;C:\Users\Jaytu\AppData\Roaming\npm;C:\Oracle\instantclient_12_2;C:\Program Files\Graphviz\bin;C:\Users\Jaytu\AppData\Local\Programs\Microsoft VS Code\bin;%USERPROFILE%\AppData\Local\Microsoft\WindowsApps;
USERNAME=Jaytu
OS=Windows_NT
PROCESSOR_IDENTIFIER=AMD64 Family 23 Model 24 Stepping 1, AuthenticAMD



---------------  S Y S T E M  ---------------

OS: Windows 10 , 64 bit Build 22000 (10.0.22000.434)
OS uptime: 5 days 4:44 hours

CPU:total 4 (initial active 4) (4 cores per cpu, 2 threads per core) family 23 model 24 stepping 1 microcode 0x0, cmov, cx8, fxsr, mmx, sse, sse2, sse3, ssse3, sse4.1, sse4.2, popcnt, avx, avx2, aes, clmul, mmxext, 3dnowpref, lzcnt, sse4a, ht, tsc, tscinvbit, tscinv, bmi1, bmi2, adx, s

Memory: 4k page, system-wide physical 6058M (244M free)
TotalPageFile size 19170M (AvailPageFile size 5M)
current process WorkingSet (physical memory assigned to process): 397M, peak: 468M
current process commit charge ("private bytes"): 601M, peak: 603M

vm_info: OpenJDK 64-Bit Server VM (11.0.11+9-b60-7590822) for windows-amd64 JRE (11.0.11+9-b60-7590822), built on Jul 29 2021 21:43:44 by "builder" with MS VC++ 14.0 (VS2015)

END.
